<?xml version="1.0" encoding="UTF-8"?>
<!-- Generated by org.testng.reporters.JUnitXMLReporter -->
<testsuite ignored="0" hostname="LAPTOP-Q6IA3I9O" failures="0" tests="7" name="Default test" time="67.212" errors="0" timestamp="2021-11-19T22:46:19 ICT">
  <testcase classname="test.TCs_Contact" name="SendmailUnsuccessfullyEmptyPW" time="2.836"/>
  <testcase classname="test.TCs_Contact" name="SendmailUnsuccessfullyEmpty_3Field" time="1.878"/>
  <testcase classname="test.TCs_Contact" name="SendmailUnsuccessfullyEmpty_2Field" time="1.784"/>
  <testcase classname="test.TCs_Contact" name="SendmailUnsuccessfullyEmpty_1Field" time="1.787"/>
  <testcase classname="test.TCs_Contact" name="SendmailUnsuccessfully_Invalid_Phone" time="1.723"/>
  <testcase classname="test.TCs_Contact" name="SendmailUnsuccessfully_Invalid_Email" time="1.73"/>
  <testcase classname="test.TCs_Contact" name="SendmailSuccessfully" time="11.728"/>
</testsuite> <!-- Default test -->
