<?xml version="1.0" encoding="UTF-8"?>
<!-- Generated by org.testng.reporters.JUnitXMLReporter -->
<testsuite ignored="6" hostname="LAPTOP-Q6IA3I9O" failures="0" tests="1" name="Test" time="9.666" errors="0" timestamp="2021-11-19T22:02:08 ICT">
  <testcase classname="test.TCs_Contact" name="SendmailUnsuccessfullyEmptyPW" time="2.816"/>
  <testcase classname="test.TCs_Contact" name="SendmailUnsuccessfullyEmpty_2Field" time="0.0">
    <ignored/>
  </testcase> <!-- SendmailUnsuccessfullyEmpty_2Field -->
  <testcase classname="test.TCs_Contact" name="SendmailUnsuccessfullyEmpty_1Field" time="0.0">
    <ignored/>
  </testcase> <!-- SendmailUnsuccessfullyEmpty_1Field -->
  <testcase classname="test.TCs_Contact" name="SendmailSuccessfully" time="0.0">
    <ignored/>
  </testcase> <!-- SendmailSuccessfully -->
  <testcase classname="test.TCs_Contact" name="SendmailUnsuccessfully_Invalid_Phone" time="0.0">
    <ignored/>
  </testcase> <!-- SendmailUnsuccessfully_Invalid_Phone -->
  <testcase classname="test.TCs_Contact" name="SendmailUnsuccessfullyEmpty_3Field" time="0.0">
    <ignored/>
  </testcase> <!-- SendmailUnsuccessfullyEmpty_3Field -->
  <testcase classname="test.TCs_Contact" name="SendmailUnsuccessfully_Invalid_Email" time="0.0">
    <ignored/>
  </testcase> <!-- SendmailUnsuccessfully_Invalid_Email -->
</testsuite> <!-- Test -->
